2022-10-16 20:11:46 URL:http://localhost:1313/ [8730/8730] -> "index.html.tmp.tmp" [1]
2022-10-16 20:11:48 URL:http://localhost:1313/robots.txt [13/13] -> "robots.txt" [1]
https://www.googletagmanager.com/robots.txt:
2022-10-16 20:11:50 ERROR 404: Not Found.
https://identity.netlify.com/robots.txt:
2022-10-16 20:11:52 ERROR 404: Not Found.
2022-10-16 20:11:55 URL:https://www.buymeacoffee.com/robots.txt [102/102] -> "robots.txt" [1]
2022-10-16 20:11:57 URL:https://twitter.com/robots.txt [2877/2877] -> "robots.txt" [1]
2022-10-16 20:12:00 URL:https://www.linkedin.com/robots.txt [102124/102124] -> "robots.txt" [1]
2022-10-16 20:12:02 URL:https://github.com/robots.txt [1508/1508] -> "robots.txt" [1]
2022-10-16 20:12:05 URL:https://www.facebook.com/robots.txt [13073] -> "robots.txt" [1]
2022-10-16 20:12:07 URL: http://localhost:1313/livereload.js?mindelay=10&v=2&port=1313&path=livereload 200 OK
unlink: No such file or directory
2022-10-16 20:12:13 URL:http://localhost:1313/css/normalize.min.css [1861/1861] -> "normalize.min.css.tmp.tmp" [1]
2022-10-16 20:12:19 URL:http://localhost:1313/css/main.css [9347/9347] -> "main.css.tmp.tmp" [1]
2022-10-16 20:12:25 URL:http://localhost:1313/css/dark.css [1893/1893] -> "dark.css.tmp.tmp" [1]
2022-10-16 20:12:29 URL: http://localhost:1313/js/svg-injector.min.js 200 OK
unlink: No such file or directory
2022-10-16 20:12:33 URL: http://localhost:1313/js/feather-icons.min.js 200 OK
unlink: No such file or directory
2022-10-16 20:12:37 URL: http://localhost:1313/js/main.js 200 OK
unlink: No such file or directory
2022-10-16 20:12:39 URL: https://www.googletagmanager.com/gtag/js?id=UA-11272252-1 200 OK
unlink: No such file or directory
2022-10-16 20:12:41 URL: https://identity.netlify.com/v1/netlify-identity-widget.js 200 OK
unlink: No such file or directory
2022-10-16 20:12:43 URL: http://localhost:1313/thinkingramon.webp 200 OK
unlink: No such file or directory
2022-10-16 20:12:47 URL:http://localhost:1313/post/ [85817/85817] -> "index.html.tmp.tmp" [1]
2022-10-16 20:12:51 URL:http://localhost:1313/tags/ [120504/120504] -> "index.html.tmp.tmp" [1]
2022-10-16 20:12:56 URL:https://www.buymeacoffee.com/ramonsuarez [420497] -> "ramonsuarez.tmp.tmp" [1]
2022-10-16 20:12:58 URL: http://localhost:1313/index.xml 200 OK
unlink: No such file or directory
2022-10-16 20:13:03 URL:https://twitter.com/ramonsuarezraamon [137756] -> "ramonsuarezraamon.tmp.tmp" [1]
2022-10-16 20:13:07 URL: http://localhost:1313/icons/twitter.svg 200 OK
unlink: No such file or directory
2022-10-16 20:13:11 URL: http://localhost:1313/icons/linkedin.svg 200 OK
unlink: No such file or directory
2022-10-16 20:13:16 URL:https://github.com/ramonsuarez/ [189546] -> "index.html.tmp.tmp" [1]
2022-10-16 20:13:20 URL: http://localhost:1313/icons/github.svg 200 OK
unlink: No such file or directory
2022-10-16 20:13:24 URL: http://localhost:1313/icons/facebook.svg 200 OK
unlink: No such file or directory
2022-10-16 20:13:28 URL: http://localhost:1313/icons/buymeacoffee.svg 200 OK
unlink: No such file or directory
2022-10-16 20:13:32 URL:http://localhost:1313/post/flop-sales-acceleration/ [17201/17201] -> "index.html.tmp.tmp" [1]
2022-10-16 20:13:36 URL:http://localhost:1313/post/new-project-sales-acceleration/ [9820/9820] -> "index.html.tmp.tmp" [1]
2022-10-16 20:13:40 URL:http://localhost:1313/post/my-first-12-week-year-in-review/ [22087/22087] -> "index.html.tmp.tmp" [1]
2022-10-16 20:13:44 URL:http://localhost:1313/post/why-im-dropping-my-daily-meditation-challenge-after-7-months-of-daily-practice/ [10864/10864] -> "index.html.tmp.tmp" [1]
Found no broken links.

FINISHED --2022-10-16 20:13:44--
Total wall clock time: 2m 0s
Downloaded: 19 files, 1,1M in 1,1s (1,01 MB/s)
